2024-06-28 09:01:38,853 [Worker-2: Loading available Gradle versions] INFO  o.e.b.c.i.u.g.PublishedGradleVersions - Gradle version information cache is up-to-date. Trying to read.
2024-06-28 09:02:22,012 [Worker-4: Building] INFO  o.e.m.c.i.l.LifecycleMappingFactory - Using org.eclipse.m2e.jdt.JarLifecycleMapping lifecycle mapping for MavenProject: com.example:Form_Submission:0.0.1-SNAPSHOT @ C:\Users\DELL\Desktop\SpringBoot Abacus Adv\Git Upload File\Form_Submission\pom.xml.
2024-06-28 09:02:29,347 [Worker-4: Building] INFO  o.a.m.s.f.DefaultMavenResourcesFiltering - Copying 1 resource from src\main\resources to target\classes
2024-06-28 09:02:29,397 [Worker-4: Building] INFO  o.a.m.s.f.DefaultMavenResourcesFiltering - Copying 1 resource from src\main\resources to target\classes
2024-06-28 09:02:29,410 [Worker-4: Building] INFO  o.a.m.s.f.DefaultMavenResourcesFiltering - skip non existing resourceDirectory C:\Users\DELL\Desktop\SpringBoot Abacus Adv\Git Upload File\Form_Submission\src\test\resources
2024-06-28 09:02:31,374 [Worker-6: Building] INFO  o.a.m.s.f.DefaultMavenResourcesFiltering - Copying 1 resource from src\main\resources to target\classes
2024-06-28 09:02:31,378 [Worker-6: Building] INFO  o.a.m.s.f.DefaultMavenResourcesFiltering - Copying 1 resource from src\main\resources to target\classes
2024-06-28 09:02:31,387 [Worker-6: Building] INFO  o.a.m.s.f.DefaultMavenResourcesFiltering - skip non existing resourceDirectory C:\Users\DELL\Desktop\SpringBoot Abacus Adv\Git Upload File\Form_Submission\src\test\resources
2024-06-28 09:15:00,357 [Worker-4: Updating Maven Dependencies] INFO  o.e.m.c.i.l.LifecycleMappingFactory - Using org.eclipse.m2e.jdt.JarLifecycleMapping lifecycle mapping for MavenProject: com.example:HttpMethod:0.0.1-SNAPSHOT @ C:\Users\DELL\Desktop\SpringBoot Abacus Adv\Git Upload File\HttpMethod\Ex1\pom.xml.
2024-06-28 09:15:01,641 [Worker-17: Building] INFO  o.e.m.c.i.l.LifecycleMappingFactory - Using org.eclipse.m2e.jdt.JarLifecycleMapping lifecycle mapping for MavenProject: com.example:HttpMethod:0.0.1-SNAPSHOT @ C:\Users\DELL\Desktop\SpringBoot Abacus Adv\Git Upload File\HttpMethod\Ex1\pom.xml.
2024-06-28 09:15:03,459 [Worker-17: Building] INFO  o.a.m.s.f.DefaultMavenResourcesFiltering - Copying 1 resource from src\main\resources to target\classes
2024-06-28 09:15:03,751 [Worker-17: Building] INFO  o.a.m.s.f.DefaultMavenResourcesFiltering - Copying 4 resources from src\main\resources to target\classes
2024-06-28 09:15:03,947 [Worker-17: Building] INFO  o.a.m.s.f.DefaultMavenResourcesFiltering - skip non existing resourceDirectory C:\Users\DELL\Desktop\SpringBoot Abacus Adv\Git Upload File\HttpMethod\Ex1\src\test\resources
2024-06-28 09:15:04,568 [Worker-10: Building] INFO  o.a.m.s.f.DefaultMavenResourcesFiltering - Copying 1 resource from src\main\resources to target\classes
2024-06-28 09:15:04,573 [Worker-10: Building] INFO  o.a.m.s.f.DefaultMavenResourcesFiltering - Copying 4 resources from src\main\resources to target\classes
2024-06-28 09:15:04,589 [Worker-10: Building] INFO  o.a.m.s.f.DefaultMavenResourcesFiltering - skip non existing resourceDirectory C:\Users\DELL\Desktop\SpringBoot Abacus Adv\Git Upload File\HttpMethod\Ex1\src\test\resources
2024-06-28 09:15:06,258 [Worker-10: Building] INFO  o.e.m.c.i.l.LifecycleMappingFactory - Using org.eclipse.m2e.jdt.JarLifecycleMapping lifecycle mapping for MavenProject: com.example:HttpMethodEx2:0.0.1-SNAPSHOT @ C:\Users\DELL\Desktop\SpringBoot Abacus Adv\Git Upload File\HttpMethod\Ex2\pom.xml.
2024-06-28 09:15:07,526 [Worker-10: Building] INFO  o.a.m.s.f.DefaultMavenResourcesFiltering - Copying 1 resource from src\main\resources to target\classes
2024-06-28 09:15:07,600 [Worker-10: Building] INFO  o.a.m.s.f.DefaultMavenResourcesFiltering - Copying 2 resources from src\main\resources to target\classes
2024-06-28 09:15:07,624 [Worker-10: Building] INFO  o.a.m.s.f.DefaultMavenResourcesFiltering - skip non existing resourceDirectory C:\Users\DELL\Desktop\SpringBoot Abacus Adv\Git Upload File\HttpMethod\Ex2\src\test\resources
2024-06-28 09:15:10,780 [Worker-10: Building] INFO  o.e.m.c.i.l.LifecycleMappingFactory - Using org.eclipse.m2e.jdt.JarLifecycleMapping lifecycle mapping for MavenProject: com.example:HttpMethodEx3:0.0.1-SNAPSHOT @ C:\Users\DELL\Desktop\SpringBoot Abacus Adv\Git Upload File\HttpMethod\Ex3\pom.xml.
2024-06-28 09:15:12,044 [Worker-10: Building] INFO  o.a.m.s.f.DefaultMavenResourcesFiltering - Copying 1 resource from src\main\resources to target\classes
2024-06-28 09:15:12,093 [Worker-10: Building] INFO  o.a.m.s.f.DefaultMavenResourcesFiltering - Copying 2 resources from src\main\resources to target\classes
2024-06-28 09:15:12,110 [Worker-10: Building] INFO  o.a.m.s.f.DefaultMavenResourcesFiltering - skip non existing resourceDirectory C:\Users\DELL\Desktop\SpringBoot Abacus Adv\Git Upload File\HttpMethod\Ex3\src\test\resources
2024-06-28 09:15:13,646 [Worker-18: Building] INFO  o.a.m.s.f.DefaultMavenResourcesFiltering - Copying 1 resource from src\main\resources to target\classes
2024-06-28 09:15:13,659 [Worker-18: Building] INFO  o.a.m.s.f.DefaultMavenResourcesFiltering - Copying 2 resources from src\main\resources to target\classes
2024-06-28 09:15:13,670 [Worker-18: Building] INFO  o.a.m.s.f.DefaultMavenResourcesFiltering - skip non existing resourceDirectory C:\Users\DELL\Desktop\SpringBoot Abacus Adv\Git Upload File\HttpMethod\Ex2\src\test\resources
2024-06-28 09:15:14,505 [Worker-19: Updating Maven Dependencies] INFO  o.e.m.c.i.l.LifecycleMappingFactory - Using org.eclipse.m2e.jdt.JarLifecycleMapping lifecycle mapping for MavenProject: com.example:HttpMethod:0.0.1-SNAPSHOT @ C:\Users\DELL\Desktop\SpringBoot Abacus Adv\Git Upload File\HttpMethod\Ex1\pom.xml.
2024-06-28 09:15:16,193 [Worker-18: Building] INFO  o.a.m.s.f.DefaultMavenResourcesFiltering - Copying 1 resource from src\main\resources to target\classes
2024-06-28 09:15:16,230 [Worker-18: Building] INFO  o.a.m.s.f.DefaultMavenResourcesFiltering - Copying 2 resources from src\main\resources to target\classes
2024-06-28 09:15:16,242 [Worker-18: Building] INFO  o.a.m.s.f.DefaultMavenResourcesFiltering - skip non existing resourceDirectory C:\Users\DELL\Desktop\SpringBoot Abacus Adv\Git Upload File\HttpMethod\Ex3\src\test\resources
2024-06-28 09:15:16,561 [Worker-19: Updating Maven Dependencies] INFO  o.e.m.c.i.l.LifecycleMappingFactory - Using org.eclipse.m2e.jdt.JarLifecycleMapping lifecycle mapping for MavenProject: com.example:HttpMethodEx3:0.0.1-SNAPSHOT @ C:\Users\DELL\Desktop\SpringBoot Abacus Adv\Git Upload File\HttpMethod\Ex3\pom.xml.
